<?xml version="1.0" encoding="UTF-8"?>
<testsuite name="com.virtuslab.internship.App.AppControllerTest" tests="1" skipped="0" failures="0" errors="0" timestamp="2022-03-19T11:44:25" hostname="martynka" time="0.078">
  <properties/>
  <testcase name="showReceipt()" classname="com.virtuslab.internship.App.AppControllerTest" time="0.078"/>
  <system-out><![CDATA[]]></system-out>
  <system-err><![CDATA[]]></system-err>
</testsuite>
